z:\desktop\ssc\opengl\opengl\arm64\debug\vc143.pdb
z:\desktop\ssc\opengl\opengl\arm64\debug\opengl.ilk
z:\desktop\ssc\opengl\opengl\arm64\debug\main-2.obj
z:\desktop\ssc\opengl\opengl\arm64\debug\skybox.obj
z:\desktop\ssc\opengl\opengl\arm64\debug\stb_image.obj
z:\desktop\ssc\opengl\opengl\arm64\debug\tiny_obj_loader.obj
z:\desktop\ssc\opengl\opengl\arm64\debug\main.obj
z:\desktop\ssc\opengl\opengl\arm64\debug\model3d.obj
z:\desktop\ssc\opengl\opengl\arm64\debug\camera.obj
z:\desktop\ssc\opengl\opengl\arm64\debug\mesh.obj
z:\desktop\ssc\opengl\opengl\arm64\debug\shader.obj
z:\desktop\ssc\opengl\opengl\arm64\debug\vc143.idb
z:\desktop\ssc\opengl\arm64\debug\opengl.pdb
z:\desktop\ssc\opengl\opengl\arm64\debug\opengl.tlog\link-cvtres.read.1.tlog
z:\desktop\ssc\opengl\opengl\arm64\debug\opengl.tlog\link.read.1.tlog
z:\desktop\ssc\opengl\opengl\arm64\debug\opengl.tlog\link.command.1.tlog
z:\desktop\ssc\opengl\opengl\arm64\debug\opengl.tlog\link.write.1.tlog
z:\desktop\ssc\opengl\opengl\arm64\debug\opengl.tlog\link-rc.write.1.tlog
z:\desktop\ssc\opengl\opengl\arm64\debug\opengl.tlog\link-rc.read.1.tlog
z:\desktop\ssc\opengl\opengl\arm64\debug\opengl.tlog\link-cvtres.write.1.tlog
z:\desktop\ssc\opengl\opengl\arm64\debug\opengl.tlog\link.secondary.1.tlog
z:\desktop\ssc\opengl\opengl\arm64\debug\opengl.tlog\cl.command.1.tlog
z:\desktop\ssc\opengl\opengl\arm64\debug\opengl.tlog\cl.write.1.tlog
z:\desktop\ssc\opengl\opengl\arm64\debug\opengl.tlog\cl.items.tlog
z:\desktop\ssc\opengl\opengl\arm64\debug\opengl.tlog\link.read.2.tlog
